<?xml version="1.0" encoding="UTF-8"?>
<!-- Generated by org.testng.reporters.JUnitReportReporter -->
<testsuite hostname="GDL-i4431.local" failures="0" tests="2" name="suiteA.TestClassAA" time="6.043" errors="0" timestamp="2024-09-24T15:17:37 CDT" skipped="0">
  <testcase classname="suiteA.TestClassAA" name="testAA" time="3.024"/>
  <testcase classname="suiteA.TestClassAA" name="testAA" time="3.019"/>
</testsuite> <!-- suiteA.TestClassAA -->
