<?xml version="1.0" encoding="UTF-8"?>
<!-- Generated by org.testng.reporters.JUnitReportReporter -->
<testsuite hostname="GDL-i4431.local" failures="0" tests="2" name="suiteB.TestClassB" time="6.402" errors="0" timestamp="2024-09-24T15:39:38 CDT" skipped="0">
  <testcase classname="suiteB.TestClassB" name="testB" time="3.210"/>
  <testcase classname="suiteB.TestClassB" name="testB" time="3.192"/>
</testsuite> <!-- suiteB.TestClassB -->
