<?xml version="1.0" encoding="UTF-8"?>
<!-- Generated by org.testng.reporters.JUnitReportReporter -->
<testsuite hostname="GDL-i4431.local" failures="0" tests="2" name="suiteC.TestClassC" time="6.057" errors="0" timestamp="2024-09-24T15:39:38 CDT" skipped="0">
  <testcase classname="suiteC.TestClassC" name="testC" time="3.041"/>
  <testcase classname="suiteC.TestClassC" name="testC" time="3.016"/>
</testsuite> <!-- suiteC.TestClassC -->
