<?xml version="1.0" encoding="UTF-8"?>
<!-- Generated by org.testng.reporters.JUnitReportReporter -->
<testsuite hostname="GDL-i4431.local" failures="0" tests="2" name="suiteC.TestClassCC" time="6.044" errors="0" timestamp="2024-09-24T15:39:38 CDT" skipped="0">
  <testcase classname="suiteC.TestClassCC" name="testCC" time="3.027"/>
  <testcase classname="suiteC.TestClassCC" name="testCC" time="3.017"/>
</testsuite> <!-- suiteC.TestClassCC -->
