<?xml version="1.0" encoding="UTF-8"?>
<!-- Generated by org.testng.reporters.JUnitReportReporter -->
<testsuite hostname="GDL-i4431.local" failures="0" tests="2" name="suiteB.TestClassBB" time="6.043" errors="0" timestamp="2024-09-24T13:32:30 CDT" skipped="0">
  <testcase classname="suiteB.TestClassBB" name="testBB" time="3.025"/>
  <testcase classname="suiteB.TestClassBB" name="testBB" time="3.018"/>
</testsuite> <!-- suiteB.TestClassBB -->
