<?xml version="1.0" encoding="UTF-8"?>
<!-- Generated by org.testng.reporters.JUnitReportReporter -->
<testsuite hostname="GDL-i4431.local" failures="0" tests="2" name="extentReport.ReportUsingConfig" time="0.519" errors="0" timestamp="2024-09-23T15:40:50 CDT" skipped="0">
  <testcase classname="extentReport.ReportUsingConfig" name="sampleReportXml" time="0.046"/>
  <testcase classname="extentReport.ReportUsingConfig" name="sampleReportJson" time="0.473"/>
</testsuite> <!-- extentReport.ReportUsingConfig -->
