<?xml version="1.0" encoding="UTF-8"?>
<!-- Generated by org.testng.reporters.JUnitReportReporter -->
<testsuite hostname="GDL-i4431.local" failures="0" tests="1" name="extentReport.FailedTestReport" time="0.450" errors="0" timestamp="2024-09-23T16:33:54 CDT" skipped="0">
  <testcase classname="extentReport.FailedTestReport" name="sampleReport" time="0.450"/>
</testsuite> <!-- extentReport.FailedTestReport -->
