<?xml version="1.0" encoding="UTF-8"?>
<!-- Generated by org.testng.reporters.JUnitReportReporter -->
<testsuite hostname="GDL-i4431.local" failures="0" tests="1" name="testNGExtent.RegistrationTest" time="0.030" errors="0" timestamp="2024-09-23T17:15:04 CDT" skipped="0">
  <testcase classname="testNGExtent.RegistrationTest" name="registrationTest" time="0.030"/>
</testsuite> <!-- testNGExtent.RegistrationTest -->
