<?xml version="1.0" encoding="UTF-8"?>
<!-- Generated by org.testng.reporters.JUnitReportReporter -->
<testsuite hostname="GDL-i4431.local" failures="0" tests="1" name="extentReport.SampleExtentReport" time="0.400" errors="0" timestamp="2024-09-23T14:35:39 CDT" skipped="0">
  <testcase classname="extentReport.SampleExtentReport" name="sampleReport" time="0.400"/>
</testsuite> <!-- extentReport.SampleExtentReport -->
